<?xml version="1.0" encoding="UTF-8"?>
<!-- Generated by org.testng.reporters.JUnitXMLReporter -->
<testsuite hostname="Joasmaryp" name="Chrome Test" tests="1" failures="1" timestamp="28 Sep 2016 18:15:08 GMT" time="105.119" errors="0">
  <testcase name="testUntitled" time="104.204" classname="example.RecorridoCencosudChrome">
    <failure type="org.openqa.selenium.WebDriverException" message="Cannot find links for com.gargoylesoftware.htmlunit.UnexpectedPage@662cf8e5
Command duration or timeout: 30.12 seconds
Build info: version: &amp;apos;2.53.1&amp;apos;, revision: &amp;apos;a36b8b1cd5757287168e54b817830adce9b0158d&amp;apos;, time: &amp;apos;2016-06-30 19:26:09&amp;apos;
System info: host: &amp;apos;Joasmaryp&amp;apos;, ip: &amp;apos;192.168.0.109&amp;apos;, os.name: &amp;apos;Windows 8.1&amp;apos;, os.arch: &amp;apos;amd64&amp;apos;, os.version: &amp;apos;6.3&amp;apos;, java.version: &amp;apos;1.7.0_79&amp;apos;
*** Element info: {Using=link text, value=MANTENEDORES}
Session ID: 108a163c-8330-46f6-8c2d-88b7067a37b9
Driver info: org.openqa.selenium.remote.RemoteWebDriver
Capabilities [{platform=LINUX, cssSelectorsEnabled=true, javascriptEnabled=true, browserName=htmlunit, webdriver.remote.sessionid=108a163c-8330-46f6-8c2d-88b7067a37b9, version=null}]">
      <![CDATA[org.openqa.selenium.WebDriverException: Cannot find links for com.gargoylesoftware.htmlunit.UnexpectedPage@662cf8e5
Command duration or timeout: 30.12 seconds
Build info: version: '2.53.1', revision: 'a36b8b1cd5757287168e54b817830adce9b0158d', time: '2016-06-30 19:26:09'
System info: host: 'Joasmaryp', ip: '192.168.0.109', os.name: 'Windows 8.1', os.arch: 'amd64', os.version: '6.3', java.version: '1.7.0_79'
*** Element info: {Using=link text, value=MANTENEDORES}
Session ID: 108a163c-8330-46f6-8c2d-88b7067a37b9
Driver info: org.openqa.selenium.remote.RemoteWebDriver
Capabilities [{platform=LINUX, cssSelectorsEnabled=true, javascriptEnabled=true, browserName=htmlunit, webdriver.remote.sessionid=108a163c-8330-46f6-8c2d-88b7067a37b9, version=null}]
	at org.openqa.selenium.remote.ErrorHandler.createThrowable(ErrorHandler.java:206)
	at org.openqa.selenium.remote.ErrorHandler.throwIfResponseFailed(ErrorHandler.java:158)
	at org.openqa.selenium.remote.RemoteWebDriver.execute(RemoteWebDriver.java:678)
	at org.openqa.selenium.remote.RemoteWebDriver.findElement(RemoteWebDriver.java:363)
	at org.openqa.selenium.remote.RemoteWebDriver.findElementByLinkText(RemoteWebDriver.java:428)
	at org.openqa.selenium.By$ByLinkText.findElement(By.java:246)
	at org.openqa.selenium.remote.RemoteWebDriver.findElement(RemoteWebDriver.java:355)
	at example.RecorridoCencosudChrome.testUntitled(RecorridoCencosudChrome.java:84)
	at java.util.concurrent.FutureTask.run(FutureTask.java:262)
	at java.util.concurrent.ThreadPoolExecutor.runWorker(ThreadPoolExecutor.java:1145)
	at java.util.concurrent.ThreadPoolExecutor$Worker.run(ThreadPoolExecutor.java:615)
	at java.lang.Thread.run(Thread.java:745)
Caused by: java.lang.IllegalStateException: Cannot find links for com.gargoylesoftware.htmlunit.UnexpectedPage@662cf8e5
	at org.openqa.selenium.htmlunit.HtmlUnitDriver.findElementByLinkText(HtmlUnitDriver.java:951)
	at org.openqa.selenium.By$ByLinkText.findElement(By.java:246)
	at org.openqa.selenium.htmlunit.HtmlUnitDriver$5.call(HtmlUnitDriver.java:1705)
	at org.openqa.selenium.htmlunit.HtmlUnitDriver$5.call(HtmlUnitDriver.java:1701)
	at org.openqa.selenium.htmlunit.HtmlUnitDriver.implicitlyWaitFor(HtmlUnitDriver.java:1347)
	at org.openqa.selenium.htmlunit.HtmlUnitDriver.findElement(HtmlUnitDriver.java:1701)
	at org.openqa.selenium.htmlunit.HtmlUnitDriver.findElement(HtmlUnitDriver.java:586)
	at org.openqa.selenium.support.events.EventFiringWebDriver$2.invoke(EventFiringWebDriver.java:103)
	at com.sun.proxy.$Proxy20.findElement(Unknown Source)
	at org.openqa.selenium.support.events.EventFiringWebDriver.findElement(EventFiringWebDriver.java:188)
	at org.openqa.selenium.remote.server.handler.FindElement.call(FindElement.java:48)
	at org.openqa.selenium.remote.server.handler.FindElement.call(FindElement.java:1)
	at java.util.concurrent.FutureTask.run(FutureTask.java:266)
	at org.openqa.selenium.remote.server.DefaultSession$1.run(DefaultSession.java:176)
	at java.util.concurrent.ThreadPoolExecutor.runWorker(ThreadPoolExecutor.java:1142)
	at java.util.concurrent.ThreadPoolExecutor$Worker.run(ThreadPoolExecutor.java:617)
	... 1 more
... Removed 23 stack frames]]>
    </failure>
  </testcase> <!-- testUntitled -->
</testsuite> <!-- Chrome Test -->
